# JRE version: Java(TM) SE Runtime Environment (21.0.1+12) (build 21.0.1+12-LTS-29)
# Java VM: Java HotSpot(TM) 64-Bit Server VM (21.0.1+12-LTS-29, mixed mode, emulated-client, sharing, tiered, compressed oops, compressed class ptrs, g1 gc, windows-amd64)
GC Precious Log:
 CardTable entry size: 512
 Card Set container configuration: InlinePtr #cards 4 size 8 Array Of Cards #cards 16 size 48 Howl #buckets 8 coarsen threshold 3686 Howl Bitmap #cards 512 size 80 coarsen threshold 460 Card regions per heap region 1 cards per card region 4096
 CPUs: 8 total, 8 available
 Memory: 16144M
 Large Page Support: Disabled
 NUMA Support: Disabled
 Compressed Oops: Enabled (Zero based)
 Heap Region Size: 2M
 Heap Min Capacity: 8M
 Heap Initial Capacity: 254M
 Heap Max Capacity: 4038M
 Pre-touch: Disabled
 Parallel Workers: 8
 Concurrent Workers: 2
 Concurrent Refinement Workers: 8
 Periodic GC: Disabled
Heap:
 garbage-first heap   total 90112K, used 49374K [0x0000000703a00000, 0x0000000800000000)
  region size 2048K, 8 young (16384K), 2 survivors (4096K)
 Metaspace       used 79211K, committed 80320K, reserved 1179648K
  class space    used 11178K, committed 11648K, reserved 1048576K
GC Heap History (20 events):
Event: 5446.459 GC heap after
{Heap after GC invocations=36 (full 0):
 garbage-first heap   total 96256K, used 32085K [0x0000000703a00000, 0x0000000800000000)
  region size 2048K, 2 young (4096K), 2 survivors (4096K)
 Metaspace       used 75091K, committed 76288K, reserved 1114112K
  class space    used 10649K, committed 11072K, reserved 1048576K
}
Event: 5646.220 GC heap before
{Heap before GC invocations=36 (full 0):
 garbage-first heap   total 96256K, used 58709K [0x0000000703a00000, 0x0000000800000000)
  region size 2048K, 16 young (32768K), 2 survivors (4096K)
 Metaspace       used 75352K, committed 76288K, reserved 1114112K
  class space    used 10723K, committed 11072K, reserved 1048576K
}
Event: 5646.268 GC heap after
{Heap after GC invocations=37 (full 1):
 garbage-first heap   total 90112K, used 24073K [0x0000000703a00000, 0x0000000800000000)
  region size 2048K, 0 young (0K), 0 survivors (0K)
 Metaspace       used 75241K, committed 76288K, reserved 1114112K
  class space    used 10699K, committed 11072K, reserved 1048576K
}
Event: 5647.379 GC heap before
{Heap before GC invocations=37 (full 1):
 garbage-first heap   total 90112K, used 77321K [0x0000000703a00000, 0x0000000800000000)
  region size 2048K, 26 young (53248K), 0 survivors (0K)
 Metaspace       used 76066K, committed 76672K, reserved 1179648K
  class space    used 10836K, committed 11072K, reserved 1048576K
}
Event: 5647.384 GC heap after
{Heap after GC invocations=38 (full 1):
 garbage-first heap   total 90112K, used 29885K [0x0000000703a00000, 0x0000000800000000)
  region size 2048K, 3 young (6144K), 3 survivors (6144K)
 Metaspace       used 76066K, committed 76672K, reserved 1179648K
  class space    used 10836K, committed 11072K, reserved 1048576K
}
Event: 5678.875 GC heap before
{Heap before GC invocations=39 (full 1):
 garbage-first heap   total 90112K, used 74941K [0x0000000703a00000, 0x0000000800000000)
  region size 2048K, 25 young (51200K), 3 survivors (6144K)
 Metaspace       used 76405K, committed 77056K, reserved 1179648K
  class space    used 10898K, committed 11200K, reserved 1048576K
}
Event: 5678.881 GC heap after
{Heap after GC invocations=40 (full 1):
 garbage-first heap   total 90112K, used 33209K [0x0000000703a00000, 0x0000000800000000)
  region size 2048K, 2 young (4096K), 2 survivors (4096K)
 Metaspace       used 76405K, committed 77056K, reserved 1179648K
  class space    used 10898K, committed 11200K, reserved 1048576K
}
Event: 5682.715 GC heap before
{Heap before GC invocations=40 (full 1):
 garbage-first heap   total 90112K, used 76217K [0x0000000703a00000, 0x0000000800000000)
  region size 2048K, 23 young (47104K), 2 survivors (4096K)
 Metaspace       used 78165K, committed 78912K, reserved 1179648K
  class space    used 11097K, committed 11456K, reserved 1048576K
}
Event: 5682.722 GC heap after
{Heap after GC invocations=41 (full 1):
 garbage-first heap   total 90112K, used 38070K [0x0000000703a00000, 0x0000000800000000)
  region size 2048K, 3 young (6144K), 3 survivors (6144K)
 Metaspace       used 78165K, committed 78912K, reserved 1179648K
  class space    used 11097K, committed 11456K, reserved 1048576K
}
Event: 5691.567 GC heap before
{Heap before GC invocations=41 (full 1):
 garbage-first heap   total 90112K, used 50358K [0x0000000703a00000, 0x0000000800000000)
  region size 2048K, 10 young (20480K), 3 survivors (6144K)
 Metaspace       used 78516K, committed 79424K, reserved 1179648K
  class space    used 11145K, committed 11584K, reserved 1048576K
}
Event: 5691.625 GC heap after
{Heap after GC invocations=42 (full 2):
 garbage-first heap   total 90112K, used 29434K [0x0000000703a00000, 0x0000000800000000)
  region size 2048K, 0 young (0K), 0 survivors (0K)
 Metaspace       used 78447K, committed 79424K, reserved 1179648K
  class space    used 11128K, committed 11584K, reserved 1048576K
}
Event: 5692.669 GC heap before
{Heap before GC invocations=42 (full 2):
 garbage-first heap   total 90112K, used 72442K [0x0000000703a00000, 0x0000000800000000)
  region size 2048K, 22 young (45056K), 0 survivors (0K)
 Metaspace       used 78774K, committed 79616K, reserved 1179648K
  class space    used 11183K, committed 11584K, reserved 1048576K
}
Event: 5692.672 GC heap after
{Heap after GC invocations=43 (full 2):
 garbage-first heap   total 90112K, used 33530K [0x0000000703a00000, 0x0000000800000000)
  region size 2048K, 2 young (4096K), 2 survivors (4096K)
 Metaspace       used 78774K, committed 79616K, reserved 1179648K
  class space    used 11183K, committed 11584K, reserved 1048576K
}
Event: 5700.402 GC heap before
{Heap before GC invocations=44 (full 2):
 garbage-first heap   total 90112K, used 74490K [0x0000000703a00000, 0x0000000800000000)
  region size 2048K, 22 young (45056K), 2 survivors (4096K)
 Metaspace       used 78957K, committed 79744K, reserved 1179648K
  class space    used 11209K, committed 11584K, reserved 1048576K
}
Event: 5700.406 GC heap after
{Heap after GC invocations=45 (full 2):
 garbage-first heap   total 90112K, used 36076K [0x0000000703a00000, 0x0000000800000000)
  region size 2048K, 2 young (4096K), 2 survivors (4096K)
 Metaspace       used 78957K, committed 79744K, reserved 1179648K
  class space    used 11209K, committed 11584K, reserved 1048576K
}
Event: 5730.205 GC heap before
{Heap before GC invocations=45 (full 2):
 garbage-first heap   total 90112K, used 72940K [0x0000000703a00000, 0x0000000800000000)
  region size 2048K, 20 young (40960K), 2 survivors (4096K)
 Metaspace       used 79439K, committed 80256K, reserved 1179648K
  class space    used 11244K, committed 11648K, reserved 1048576K
}
Event: 5730.208 GC heap after
{Heap after GC invocations=46 (full 2):
 garbage-first heap   total 90112K, used 39129K [0x0000000703a00000, 0x0000000800000000)
  region size 2048K, 3 young (6144K), 3 survivors (6144K)
 Metaspace       used 79439K, committed 80256K, reserved 1179648K
  class space    used 11244K, committed 11648K, reserved 1048576K
}
Event: 5911.943 GC heap before
{Heap before GC invocations=46 (full 2):
 garbage-first heap   total 90112K, used 71897K [0x0000000703a00000, 0x0000000800000000)
  region size 2048K, 19 young (38912K), 3 survivors (6144K)
 Metaspace       used 79472K, committed 80320K, reserved 1179648K
  class space    used 11247K, committed 11648K, reserved 1048576K
}
Event: 5911.946 GC heap after
{Heap after GC invocations=47 (full 2):
 garbage-first heap   total 90112K, used 39134K [0x0000000703a00000, 0x0000000800000000)
  region size 2048K, 2 young (4096K), 2 survivors (4096K)
 Metaspace       used 79472K, committed 80320K, reserved 1179648K
  class space    used 11247K, committed 11648K, reserved 1048576K
}
Event: 6004.950 GC heap before
{Heap before GC invocations=48 (full 2):
 garbage-first heap   total 90112K, used 49374K [0x0000000703a00000, 0x0000000800000000)
  region size 2048K, 8 young (16384K), 2 survivors (4096K)
 Metaspace       used 79211K, committed 80320K, reserved 1179648K
  class space    used 11178K, committed 11648K, reserved 1048576K
}

